INFO 2024-08-14 01:24:19,655 autoreload Watching for file changes with StatReloader
INFO 2024-08-14 01:24:33,763 basehttp "POST /api/users/ HTTP/1.1" 201 199
INFO 2024-08-14 01:27:01,314 autoreload C:\Users\CSCSPV1502\Documents\RnD_Django(Prototypes)\Real Project\assg\attend_mng_system\attend_mng_system\settings.py changed, reloading.
INFO 2024-08-14 01:27:02,815 autoreload Watching for file changes with StatReloader
INFO 2024-08-14 01:29:57,430 basehttp "GET /api/departments/1/ HTTP/1.1" 200 112
INFO 2024-08-14 01:31:16,553 autoreload C:\Users\CSCSPV1502\Documents\RnD_Django(Prototypes)\Real Project\assg\attend_mng_system\mainapp\middleware.py changed, reloading.
INFO 2024-08-14 01:31:17,891 autoreload Watching for file changes with StatReloader
INFO 2024-08-14 01:31:24,961 autoreload C:\Users\CSCSPV1502\Documents\RnD_Django(Prototypes)\Real Project\assg\attend_mng_system\mainapp\middleware.py changed, reloading.
INFO 2024-08-14 01:31:26,590 autoreload Watching for file changes with StatReloader
INFO 2024-08-14 01:31:29,069 basehttp "GET /api/departments/1/ HTTP/1.1" 200 112
INFO 2024-08-14 01:32:34,670 autoreload C:\Users\CSCSPV1502\Documents\RnD_Django(Prototypes)\Real Project\assg\attend_mng_system\mainapp\middleware.py changed, reloading.
INFO 2024-08-14 01:32:36,374 autoreload Watching for file changes with StatReloader
INFO 2024-08-14 01:32:54,407 autoreload C:\Users\CSCSPV1502\Documents\RnD_Django(Prototypes)\Real Project\assg\attend_mng_system\mainapp\middleware.py changed, reloading.
INFO:django.utils.autoreload:C:\Users\CSCSPV1502\Documents\RnD_Django(Prototypes)\Real Project\assg\attend_mng_system\mainapp\middleware.py changed, reloading.
INFO 2024-08-14 01:32:55,966 autoreload Watching for file changes with StatReloader
ERROR 2024-08-14 01:32:57,950 log Internal Server Error: /api/departments/1/
Traceback (most recent call last):
  File "C:\Users\CSCSPV1502\Documents\RnD_Django(Prototypes)\Real Project\assg\attend_mng_system\env\lib\site-packages\django\core\handlers\exception.py", line 55, in inner
    response = get_response(request)
  File "C:\Users\CSCSPV1502\Documents\RnD_Django(Prototypes)\Real Project\assg\attend_mng_system\mainapp\middleware.py", line 12, in __call__
    self.logger.info(f"Datetime: {current_datetime}")
AttributeError: 'NoneType' object has no attribute 'info'
ERROR:django.request:Internal Server Error: /api/departments/1/
Traceback (most recent call last):
  File "C:\Users\CSCSPV1502\Documents\RnD_Django(Prototypes)\Real Project\assg\attend_mng_system\env\lib\site-packages\django\core\handlers\exception.py", line 55, in inner
    response = get_response(request)
  File "C:\Users\CSCSPV1502\Documents\RnD_Django(Prototypes)\Real Project\assg\attend_mng_system\mainapp\middleware.py", line 12, in __call__
    self.logger.info(f"Datetime: {current_datetime}")
AttributeError: 'NoneType' object has no attribute 'info'
ERROR 2024-08-14 01:32:57,950 basehttp "GET /api/departments/1/ HTTP/1.1" 500 59701
ERROR:django.server:"GET /api/departments/1/ HTTP/1.1" 500 59701
INFO 2024-08-14 01:34:07,922 autoreload C:\Users\CSCSPV1502\Documents\RnD_Django(Prototypes)\Real Project\assg\attend_mng_system\mainapp\middleware.py changed, reloading.
INFO:django.utils.autoreload:C:\Users\CSCSPV1502\Documents\RnD_Django(Prototypes)\Real Project\assg\attend_mng_system\mainapp\middleware.py changed, reloading.
INFO 2024-08-14 01:34:09,317 autoreload Watching for file changes with StatReloader
INFO:root:Datetime: 2024-08-14 01:34:15
INFO:root:Request Path: /api/departments/1/
INFO:root:Request Method: GET
INFO:root:Request Headers: {'Content-Length': '192', 'Content-Type': 'application/json', 'User-Agent': 'PostmanRuntime/7.41.1', 'Accept': '*/*', 'Cache-Control': 'no-cache', 'Postman-Token': 'bc93b589-d082-4fa9-ab0b-cc50a53a278c', 'Host': '127.0.0.1:8000', 'Accept-Encoding': 'gzip, deflate, br', 'Connection': 'keep-alive'}
INFO:root:GET Data: {}
INFO:root:Response Status Code: 200
INFO:root:Response Content: {"id":1,"department_name":"Electrical Engineering","submitted_by":"3","updated_at":"2024-08-13T19:35:07.435368"}
INFO 2024-08-14 01:34:15,190 basehttp "GET /api/departments/1/ HTTP/1.1" 200 112
INFO:django.server:"GET /api/departments/1/ HTTP/1.1" 200 112
INFO:root:Datetime: 2024-08-14 01:34:32
INFO:root:Request Path: /api/courses/1/
INFO:root:Request Method: GET
INFO:root:Request Headers: {'Content-Length': '192', 'Content-Type': 'application/json', 'User-Agent': 'PostmanRuntime/7.41.1', 'Accept': '*/*', 'Cache-Control': 'no-cache', 'Postman-Token': '3414f136-7088-4c66-b036-d2aa8e62f4f4', 'Host': '127.0.0.1:8000', 'Accept-Encoding': 'gzip, deflate, br', 'Connection': 'keep-alive'}
INFO:root:GET Data: {}
INFO:root:Response Status Code: 200
INFO:root:Response Content: {"id":1,"course_name":"Digital Electronics","semester":"2","class_name":"EE-2A","lecture_hours":35,"submitted_by":"3","updated_at":"2024-08-13T19:37:28.865454","department_id":1}
INFO 2024-08-14 01:34:32,291 basehttp "GET /api/courses/1/ HTTP/1.1" 200 178
INFO:django.server:"GET /api/courses/1/ HTTP/1.1" 200 178
